[      25ms] [LOG] [Echo FM] Initialising dashboard... @ http://localhost:8080/app.js:309
[      37ms] [LOG] [Echo FM] Config detected: {mode: local, env: local} @ http://localhost:8080/app.js:318
[      37ms] [LOG] [Echo FM] Entering local mode... @ http://localhost:8080/app.js:353
[      38ms] [LOG] [Echo FM] Loaded 20 local episodes. @ http://localhost:8080/app.js:361
[     110ms] [ERROR] Failed to load resource: the server responded with a status of 404 (File not found) @ http://localhost:8080/favicon.ico:0
[    4817ms] [LOG] [Echo FM] Rendering audio player with URL: output/test_audio.mp3 @ http://localhost:8080/app.js:206
[    4867ms] [ERROR] Failed to load resource: the server responded with a status of 404 (File not found) @ http://localhost:8080/output/test_audio.mp3:0
[   81794ms] [LOG] [Echo FM] Rendering audio player with URL: output/ep_20260531_160315_audio.mp3 @ http://localhost:8080/app.js:206
[   83446ms] [LOG] [Echo FM] Audio play started @ http://localhost:8080/:0
[   83468ms] [ERROR] Failed to load resource: the server responded with a status of 404 (File not found) @ http://localhost:8080/favicon.ico:0
[   86065ms] [LOG] [Echo FM] Rendering audio player with URL: output/test_audio.mp3 @ http://localhost:8080/app.js:206
[   86089ms] [ERROR] Failed to load resource: the server responded with a status of 404 (File not found) @ http://localhost:8080/output/test_audio.mp3:0
[   92821ms] [LOG] [Echo FM] Rendering audio player with URL: output/ep_20260531_155927_audio.mp3 @ http://localhost:8080/app.js:206
[   94776ms] [LOG] [Echo FM] Audio play started @ http://localhost:8080/:0
[  101943ms] [LOG] [Echo FM] Rendering audio player with URL: output/ep_20260531_155204_audio.mp3 @ http://localhost:8080/app.js:206
[  103427ms] [LOG] [Echo FM] Audio play started @ http://localhost:8080/:0
[  118159ms] [LOG] [Echo FM] Rendering audio player with URL: output/test_audio.mp3 @ http://localhost:8080/app.js:206
[  118184ms] [ERROR] Failed to load resource: the server responded with a status of 404 (File not found) @ http://localhost:8080/output/test_audio.mp3:0
[  121716ms] [LOG] [Echo FM] Rendering audio player with URL: output/test_audio.mp3 @ http://localhost:8080/app.js:206
[  121750ms] [ERROR] Failed to load resource: the server responded with a status of 404 (File not found) @ http://localhost:8080/output/test_audio.mp3:0
[  122675ms] [LOG] [Echo FM] Rendering audio player with URL: output/test_audio.mp3 @ http://localhost:8080/app.js:206
[  122707ms] [ERROR] Failed to load resource: the server responded with a status of 404 (File not found) @ http://localhost:8080/output/test_audio.mp3:0
[  122892ms] [LOG] [Echo FM] Rendering audio player with URL: output/test_audio.mp3 @ http://localhost:8080/app.js:206
[  122918ms] [ERROR] Failed to load resource: the server responded with a status of 404 (File not found) @ http://localhost:8080/output/test_audio.mp3:0
